main_app/build/app/intermediates/manifest_merge_blame_file/release/processReleaseMainManifest/manifest-merger-blame-release-report.txt
1<?xml version="1.0" encoding="utf-8"?>
2<manifest xmlns:android="http://schemas.android.com/apk/res/android"
3    package="com.example.diplom"
4    android:versionCode="1"
5    android:versionName="1.0.0" >
6
7    <uses-sdk
8        android:minSdkVersion="21"
9        android:targetSdkVersion="35" />
10    <!--
11         Required to query activities that can process text, see:
12         https://developer.android.com/training/package-visibility and
13         https://developer.android.com/reference/android/content/Intent#ACTION_PROCESS_TEXT.
14
15         In particular, this is used by the Flutter engine in io.flutter.plugin.text.ProcessTextPlugin.
16    -->
17    <queries>
17-->src\main\AndroidManifest.xml:39:5-44:15
18        <intent>
18-->src\main\AndroidManifest.xml:40:9-43:18
19            <action android:name="android.intent.action.PROCESS_TEXT" />
19-->src\main\AndroidManifest.xml:41:13-72
19-->src\main\AndroidManifest.xml:41:21-70
20
21            <data android:mimeType="text/plain" />
21-->src\main\AndroidManifest.xml:42:13-50
21-->src\main\AndroidManifest.xml:42:19-48
22        </intent>
23        <intent>
23-->[:file_picker] AndroidManifest.xml:12:9-16:18
24            <action android:name="android.intent.action.GET_CONTENT" />
24-->[:file_picker] AndroidManifest.xml:13:13-72
24-->[:file_picker] AndroidManifest.xml:13:21-69
25
26            <data android:mimeType="*/*" />
26-->src\main\AndroidManifest.xml:42:13-50
26-->src\main\AndroidManifest.xml:42:19-48
27        </intent>
28    </queries>
29
30    <uses-permission
30-->[:file_picker] AndroidManifest.xml:7:5-9:38
31        android:name="android.permission.READ_EXTERNAL_STORAGE"
31-->[:file_picker] AndroidManifest.xml:8:9-64
32        android:maxSdkVersion="32" />
32-->[:file_picker] AndroidManifest.xml:9:9-35
33
34    <permission
34-->[androidx.core:core:1.13.1] AndroidManifest.xml:22:5-24:47
35        android:name="com.example.diplom.DYNAMIC_RECEIVER_NOT_EXPORTED_PERMISSION"
35-->[androidx.core:core:1.13.1] AndroidManifest.xml:23:9-81
36        android:protectionLevel="signature" />
36-->[androidx.core:core:1.13.1] AndroidManifest.xml:24:9-44
37
38    <uses-permission android:name="com.example.diplom.DYNAMIC_RECEIVER_NOT_EXPORTED_PERMISSION" />
38-->[androidx.core:core:1.13.1] AndroidManifest.xml:26:5-97
38-->[androidx.core:core:1.13.1] AndroidManifest.xml:26:22-94
39
40    <application
41        android:name="android.app.Application"
41-->src\main\AndroidManifest.xml:4:9-42
42        android:appComponentFactory="androidx.core.app.CoreComponentFactory"
42-->[androidx.core:core:1.13.1] AndroidManifest.xml:28:18-86
43        android:extractNativeLibs="true"
44        android:icon="@mipmap/ic_launcher"
44-->src\main\AndroidManifest.xml:5:9-43
45        android:label="diplom" >
45-->src\main\AndroidManifest.xml:3:9-31
46        <activity
46-->src\main\AndroidManifest.xml:6:9-27:20
47            android:name="com.example.diplom.MainActivity"
47-->src\main\AndroidManifest.xml:7:13-41
48            android:configChanges="orientation|keyboardHidden|keyboard|screenSize|smallestScreenSize|locale|layoutDirection|fontScale|screenLayout|density|uiMode"
48-->src\main\AndroidManifest.xml:12:13-163
49            android:exported="true"
49-->src\main\AndroidManifest.xml:8:13-36
50            android:hardwareAccelerated="true"
50-->src\main\AndroidManifest.xml:13:13-47
51            android:launchMode="singleTop"
51-->src\main\AndroidManifest.xml:9:13-43
52            android:taskAffinity=""
52-->src\main\AndroidManifest.xml:10:13-36
53            android:theme="@style/LaunchTheme"
53-->src\main\AndroidManifest.xml:11:13-47
54            android:windowSoftInputMode="adjustResize" >
54-->src\main\AndroidManifest.xml:14:13-55
55
56            <!--
57                 Specifies an Android theme to apply to this Activity as soon as
58                 the Android process has started. This theme is visible to the user
59                 while the Flutter UI initializes. After that, this theme continues
60                 to determine the Window background behind the Flutter UI.
61            -->
62            <meta-data
62-->src\main\AndroidManifest.xml:19:13-22:17
63                android:name="io.flutter.embedding.android.NormalTheme"
63-->src\main\AndroidManifest.xml:20:15-70
64                android:resource="@style/NormalTheme" />
64-->src\main\AndroidManifest.xml:21:15-52
65
66            <intent-filter>
66-->src\main\AndroidManifest.xml:23:13-26:29
67                <action android:name="android.intent.action.MAIN" />
67-->src\main\AndroidManifest.xml:24:17-68
67-->src\main\AndroidManifest.xml:24:25-66
68
69                <category android:name="android.intent.category.LAUNCHER" />
69-->src\main\AndroidManifest.xml:25:17-76
69-->src\main\AndroidManifest.xml:25:27-74
70            </intent-filter>
71        </activity>
72        <!--
73             Don't delete the meta-data below.
74             This is used by the Flutter tool to generate GeneratedPluginRegistrant.java
75        -->
76        <meta-data
76-->src\main\AndroidManifest.xml:30:9-32:33
77            android:name="flutterEmbedding"
77-->src\main\AndroidManifest.xml:31:13-44
78            android:value="2" />
78-->src\main\AndroidManifest.xml:32:13-30
79
80        <provider
80-->[:image_picker_android] AndroidManifest.xml:9:9-17:20
81            android:name="io.flutter.plugins.imagepicker.ImagePickerFileProvider"
81-->[:image_picker_android] AndroidManifest.xml:10:13-82
82            android:authorities="com.example.diplom.flutter.image_provider"
82-->[:image_picker_android] AndroidManifest.xml:11:13-74
83            android:exported="false"
83-->[:image_picker_android] AndroidManifest.xml:12:13-37
84            android:grantUriPermissions="true" >
84-->[:image_picker_android] AndroidManifest.xml:13:13-47
85            <meta-data
85-->[:image_picker_android] AndroidManifest.xml:14:13-16:75
86                android:name="android.support.FILE_PROVIDER_PATHS"
86-->[:image_picker_android] AndroidManifest.xml:15:17-67
87                android:resource="@xml/flutter_image_picker_file_paths" />
87-->[:image_picker_android] AndroidManifest.xml:16:17-72
88        </provider> <!-- Trigger Google Play services to install the backported photo picker module. -->
89        <service
89-->[:image_picker_android] AndroidManifest.xml:19:9-31:19
90            android:name="com.google.android.gms.metadata.ModuleDependencies"
90-->[:image_picker_android] AndroidManifest.xml:20:13-78
91            android:enabled="false"
91-->[:image_picker_android] AndroidManifest.xml:21:13-36
92            android:exported="false" >
92-->[:image_picker_android] AndroidManifest.xml:22:13-37
93            <intent-filter>
93-->[:image_picker_android] AndroidManifest.xml:24:13-26:29
94                <action android:name="com.google.android.gms.metadata.MODULE_DEPENDENCIES" />
94-->[:image_picker_android] AndroidManifest.xml:25:17-94
94-->[:image_picker_android] AndroidManifest.xml:25:25-91
95            </intent-filter>
96
97            <meta-data
97-->[:image_picker_android] AndroidManifest.xml:28:13-30:36
98                android:name="photopicker_activity:0:required"
98-->[:image_picker_android] AndroidManifest.xml:29:17-63
99                android:value="" />
99-->[:image_picker_android] AndroidManifest.xml:30:17-33
100        </service>
101
102        <uses-library
102-->[androidx.window:window:1.2.0] AndroidManifest.xml:23:9-25:40
103            android:name="androidx.window.extensions"
103-->[androidx.window:window:1.2.0] AndroidManifest.xml:24:13-54
104            android:required="false" />
104-->[androidx.window:window:1.2.0] AndroidManifest.xml:25:13-37
105        <uses-library
105-->[androidx.window:window:1.2.0] AndroidManifest.xml:26:9-28:40
106            android:name="androidx.window.sidecar"
106-->[androidx.window:window:1.2.0] AndroidManifest.xml:27:13-51
107            android:required="false" />
107-->[androidx.window:window:1.2.0] AndroidManifest.xml:28:13-37
108
109        <provider
109-->[androidx.lifecycle:lifecycle-process:2.7.0] AndroidManifest.xml:24:9-32:20
110            android:name="androidx.startup.InitializationProvider"
110-->[androidx.lifecycle:lifecycle-process:2.7.0] AndroidManifest.xml:25:13-67
111            android:authorities="com.example.diplom.androidx-startup"
111-->[androidx.lifecycle:lifecycle-process:2.7.0] AndroidManifest.xml:26:13-68
112            android:exported="false" >
112-->[androidx.lifecycle:lifecycle-process:2.7.0] AndroidManifest.xml:27:13-37
113            <meta-data
113-->[androidx.lifecycle:lifecycle-process:2.7.0] AndroidManifest.xml:29:13-31:52
114                android:name="androidx.lifecycle.ProcessLifecycleInitializer"
114-->[androidx.lifecycle:lifecycle-process:2.7.0] AndroidManifest.xml:30:17-78
115                android:value="androidx.startup" />
115-->[androidx.lifecycle:lifecycle-process:2.7.0] AndroidManifest.xml:31:17-49
116            <meta-data
116-->[androidx.profileinstaller:profileinstaller:1.3.1] AndroidManifest.xml:29:13-31:52
117                android:name="androidx.profileinstaller.ProfileInstallerInitializer"
117-->[androidx.profileinstaller:profileinstaller:1.3.1] AndroidManifest.xml:30:17-85
118                android:value="androidx.startup" />
118-->[androidx.profileinstaller:profileinstaller:1.3.1] AndroidManifest.xml:31:17-49
119        </provider>
120
121        <receiver
121-->[androidx.profileinstaller:profileinstaller:1.3.1] AndroidManifest.xml:34:9-52:20
122            android:name="androidx.profileinstaller.ProfileInstallReceiver"
122-->[androidx.profileinstaller:profileinstaller:1.3.1] AndroidManifest.xml:35:13-76
123            android:directBootAware="false"
123-->[androidx.profileinstaller:profileinstaller:1.3.1] AndroidManifest.xml:36:13-44
124            android:enabled="true"
124-->[androidx.profileinstaller:profileinstaller:1.3.1] AndroidManifest.xml:37:13-35
125            android:exported="true"
125-->[androidx.profileinstaller:profileinstaller:1.3.1] AndroidManifest.xml:38:13-36
126            android:permission="android.permission.DUMP" >
126-->[androidx.profileinstaller:profileinstaller:1.3.1] AndroidManifest.xml:39:13-57
127            <intent-filter>
127-->[androidx.profileinstaller:profileinstaller:1.3.1] AndroidManifest.xml:40:13-42:29
128                <action android:name="androidx.profileinstaller.action.INSTALL_PROFILE" />
128-->[androidx.profileinstaller:profileinstaller:1.3.1] AndroidManifest.xml:41:17-91
128-->[androidx.profileinstaller:profileinstaller:1.3.1] AndroidManifest.xml:41:25-88
129            </intent-filter>
130            <intent-filter>
130-->[androidx.profileinstaller:profileinstaller:1.3.1] AndroidManifest.xml:43:13-45:29
131                <action android:name="androidx.profileinstaller.action.SKIP_FILE" />
131-->[androidx.profileinstaller:profileinstaller:1.3.1] AndroidManifest.xml:44:17-85
131-->[androidx.profileinstaller:profileinstaller:1.3.1] AndroidManifest.xml:44:25-82
132            </intent-filter>
133            <intent-filter>
133-->[androidx.profileinstaller:profileinstaller:1.3.1] AndroidManifest.xml:46:13-48:29
134                <action android:name="androidx.profileinstaller.action.SAVE_PROFILE" />
134-->[androidx.profileinstaller:profileinstaller:1.3.1] AndroidManifest.xml:47:17-88
134-->[androidx.profileinstaller:profileinstaller:1.3.1] AndroidManifest.xml:47:25-85
135            </intent-filter>
136            <intent-filter>
136-->[androidx.profileinstaller:profileinstaller:1.3.1] AndroidManifest.xml:49:13-51:29
137                <action android:name="androidx.profileinstaller.action.BENCHMARK_OPERATION" />
137-->[androidx.profileinstaller:profileinstaller:1.3.1] AndroidManifest.xml:50:17-95
137-->[androidx.profileinstaller:profileinstaller:1.3.1] AndroidManifest.xml:50:25-92
138            </intent-filter>
139        </receiver>
140    </application>
141
142</manifest>